<?xml version="1.0" encoding="UTF-8"?>
<testng-results skipped="0" failed="0" ignored="0" total="1" passed="1">
  <reporter-output>
    <line>
      <![CDATA[Successfully Launched Chrome Browser]]>
    </line>
    <line>
      <![CDATA[Browser window is maximized successfully]]>
    </line>
    <line>
      <![CDATA[Home page is displyed]]>
    </line>
    <line>
      <![CDATA[Profile page is displyed]]>
    </line>
    <line>
      <![CDATA[Summary page is displyed]]>
    </line>
    <line>
      <![CDATA[Skills page is displyed]]>
    </line>
    <line>
      <![CDATA[Education page is displyed]]>
    </line>
    <line>
      <![CDATA[Project Details page is displyed]]>
    </line>
  </reporter-output>
  <suite name="Default suite" duration-ms="13791" started-at="2022-03-03T13:11:32 IST" finished-at="2022-03-03T13:11:46 IST">
    <groups>
    </groups>
    <test name="Default test" duration-ms="13791" started-at="2022-03-03T13:11:32 IST" finished-at="2022-03-03T13:11:46 IST">
      <class name="skills.TC_Education_003Test">
        <test-method status="PASS" signature="openTheBrowser(java.lang.String)[pri:0, instance:skills.TC_Education_003Test@3043fe0e]" name="openTheBrowser" is-config="true" duration-ms="3798" started-at="2022-03-03T13:11:32 IST" finished-at="2022-03-03T13:11:36 IST">
          <params>
            <param index="0">
              <value>
                <![CDATA[chrome]]>
              </value>
            </param>
          </params>
          <reporter-output>
            <line>
              <![CDATA[Successfully Launched Chrome Browser]]>
            </line>
            <line>
              <![CDATA[Browser window is maximized successfully]]>
            </line>
          </reporter-output>
        </test-method> <!-- openTheBrowser -->
        <test-method status="PASS" signature="navigateToApplication()[pri:0, instance:skills.TC_Education_003Test@3043fe0e]" name="navigateToApplication" is-config="true" duration-ms="2480" started-at="2022-03-03T13:11:36 IST" finished-at="2022-03-03T13:11:38 IST">
          <reporter-output>
          </reporter-output>
        </test-method> <!-- navigateToApplication -->
        <test-method status="PASS" signature="Education()[pri:0, instance:skills.TC_Education_003Test@3043fe0e]" name="Education" duration-ms="6420" started-at="2022-03-03T13:11:38 IST" finished-at="2022-03-03T13:11:45 IST">
          <reporter-output>
            <line>
              <![CDATA[Home page is displyed]]>
            </line>
            <line>
              <![CDATA[Profile page is displyed]]>
            </line>
            <line>
              <![CDATA[Summary page is displyed]]>
            </line>
            <line>
              <![CDATA[Skills page is displyed]]>
            </line>
            <line>
              <![CDATA[Education page is displyed]]>
            </line>
            <line>
              <![CDATA[Project Details page is displyed]]>
            </line>
          </reporter-output>
        </test-method> <!-- Education -->
        <test-method status="PASS" signature="closeTheBrowser()[pri:0, instance:skills.TC_Education_003Test@3043fe0e]" name="closeTheBrowser" is-config="true" duration-ms="1024" started-at="2022-03-03T13:11:45 IST" finished-at="2022-03-03T13:11:46 IST">
          <reporter-output>
          </reporter-output>
        </test-method> <!-- closeTheBrowser -->
      </class> <!-- skills.TC_Education_003Test -->
    </test> <!-- Default test -->
  </suite> <!-- Default suite -->
</testng-results>
